2011-02-06 15:36:29 [org.hibernate.cfg.Configuration]-[INFO] Reading mappings from resource : com/kingway/model/UserSpaceInfo.hbm.xml
2011-02-06 15:36:29 [org.hibernate.cfg.HbmBinder]-[INFO] Mapping class: com.kingway.model.UserSpaceInfo -> user_space_info
2011-02-06 15:36:29 [org.hibernate.cfg.Configuration]-[INFO] Reading mappings from resource : com/kingway/model/ManagerInfo.hbm.xml
2011-02-06 15:36:29 [org.hibernate.cfg.HbmBinder]-[INFO] Mapping class: com.kingway.model.ManagerInfo -> manager_info
2011-02-06 15:36:29 [org.hibernate.cfg.Configuration]-[INFO] Reading mappings from resource : com/kingway/model/UserSubscribe.hbm.xml
2011-02-06 15:36:29 [org.hibernate.cfg.HbmBinder]-[INFO] Mapping class: com.kingway.model.UserSubscribe -> user_subscribe
2011-02-06 15:36:29 [org.hibernate.cfg.Configuration]-[INFO] Reading mappings from resource : com/kingway/model/UserModuleContents.hbm.xml
2011-02-06 15:36:29 [org.hibernate.cfg.HbmBinder]-[INFO] Mapping class: com.kingway.model.UserModuleContents -> user_module_contents
2011-02-06 15:36:29 [org.hibernate.cfg.Configuration]-[INFO] Reading mappings from resource : com/kingway/model/CheckUpdateView.hbm.xml
2011-02-06 15:36:29 [org.hibernate.cfg.HbmBinder]-[INFO] Mapping class: com.kingway.model.CheckUpdateView -> check_update_view
2011-02-06 15:36:29 [org.hibernate.cfg.Configuration]-[INFO] Reading mappings from resource : com/kingway/model/UserSpaceModuleInfoShowView.hbm.xml
2011-02-06 15:36:29 [org.hibernate.cfg.HbmBinder]-[INFO] Mapping class: com.kingway.model.UserSpaceModuleInfoShowView -> user_space_module_info_show_view
2011-02-06 15:36:29 [org.hibernate.cfg.Configuration]-[INFO] Reading mappings from resource : com/kingway/model/UserModuleHistoryView.hbm.xml
2011-02-06 15:36:29 [org.hibernate.cfg.HbmBinder]-[INFO] Mapping class: com.kingway.model.UserModuleHistoryView -> user_module_history_view
2011-02-06 15:36:29 [org.hibernate.cfg.Configuration]-[INFO] Reading mappings from resource : com/kingway/model/UserModuleHistoryListView.hbm.xml
2011-02-06 15:36:29 [org.hibernate.cfg.HbmBinder]-[INFO] Mapping class: com.kingway.model.UserModuleHistoryListView -> user_module_history_list_view
2011-02-06 15:36:29 [org.hibernate.cfg.Configuration]-[INFO] Reading mappings from resource : com/kingway/model/UserModuleDisingoreView.hbm.xml
2011-02-06 15:36:29 [org.hibernate.cfg.HbmBinder]-[INFO] Mapping class: com.kingway.model.UserModuleDisingoreView -> user_module_disingore_view
2011-02-06 15:36:29 [org.hibernate.cfg.Configuration]-[INFO] Reading mappings from resource : com/kingway/model/UserFocusWebModuleView.hbm.xml
2011-02-06 15:36:29 [org.hibernate.cfg.HbmBinder]-[INFO] Mapping class: com.kingway.model.UserFocusWebModuleView -> user_focus_web_module_view
2011-02-06 15:36:29 [org.hibernate.cfg.Configuration]-[INFO] Reading mappings from resource : com/kingway/model/UserModuleUpdatepathsView.hbm.xml
2011-02-06 15:36:29 [org.hibernate.cfg.HbmBinder]-[INFO] Mapping class: com.kingway.model.UserModuleUpdatepathsView -> user_module_updatepaths_view
2011-02-06 15:36:29 [org.hibernate.cfg.Configuration]-[INFO] Reading mappings from resource : com/kingway/model/CheckUpdateUserModuleView.hbm.xml
2011-02-06 15:36:29 [org.hibernate.cfg.HbmBinder]-[INFO] Mapping class: com.kingway.model.CheckUpdateUserModuleView -> check_update_user_module_view
2011-02-06 15:36:29 [org.hibernate.cfg.Configuration]-[INFO] Reading mappings from resource : com/kingway/model/FailModuleView.hbm.xml
2011-02-06 15:36:29 [org.hibernate.cfg.HbmBinder]-[INFO] Mapping class: com.kingway.model.FailModuleView -> fail_module_view
2011-02-06 15:36:29 [org.hibernate.cfg.Configuration]-[INFO] Configured SessionFactory: null
2011-02-06 15:36:29 [org.hibernate.cfg.HbmBinder]-[INFO] Mapping collection: com.kingway.model.MonitorWebInfo.moduleInfos -> module_info
2011-02-06 15:36:29 [org.hibernate.cfg.HbmBinder]-[INFO] Mapping collection: com.kingway.model.ModuleInfo.contentBuffers -> content_buffer
2011-02-06 15:36:29 [org.hibernate.cfg.HbmBinder]-[INFO] Mapping collection: com.kingway.model.ModuleInfo.userModuleInfos -> user_module_info
2011-02-06 15:36:29 [org.hibernate.cfg.HbmBinder]-[INFO] Mapping collection: com.kingway.model.UserModuleSubgroupInfo.userModuleInfos -> user_module_info
2011-02-06 15:36:29 [org.hibernate.cfg.HbmBinder]-[INFO] Mapping collection: com.kingway.model.ContentBuffer.contentReceivers -> content_receiver
2011-02-06 15:36:29 [org.hibernate.cfg.HbmBinder]-[INFO] Mapping collection: com.kingway.model.UserModuleInfo.userReceiveInfos -> user_receive_info
2011-02-06 15:36:29 [org.hibernate.cfg.HbmBinder]-[INFO] Mapping collection: com.kingway.model.UserModuleInfo.contentReceivers -> content_receiver
2011-02-06 15:36:29 [org.hibernate.cfg.HbmBinder]-[INFO] Mapping collection: com.kingway.model.UserInfo.userSubscribesForSubscribeUserId -> user_subscribe
2011-02-06 15:36:29 [org.hibernate.cfg.HbmBinder]-[INFO] Mapping collection: com.kingway.model.UserInfo.userDefaultReceiveInfos -> user_default_receive_info
2011-02-06 15:36:29 [org.hibernate.cfg.HbmBinder]-[INFO] Mapping collection: com.kingway.model.UserInfo.userSubscribesForUserId -> user_subscribe
2011-02-06 15:36:29 [org.hibernate.cfg.HbmBinder]-[INFO] Mapping collection: com.kingway.model.UserInfo.userSpaceInfos -> user_space_info
2011-02-06 15:36:29 [org.hibernate.cfg.HbmBinder]-[INFO] Mapping collection: com.kingway.model.UserInfo.userActivecodes -> user_activecode
2011-02-06 15:36:29 [org.hibernate.cfg.HbmBinder]-[INFO] Mapping collection: com.kingway.model.UserInfo.userModuleInfos -> user_module_info
2011-02-06 15:36:29 [org.hibernate.cfg.HbmBinder]-[INFO] Mapping collection: com.kingway.model.UserInfo.userModuleSubgroupInfos -> user_module_subgroup_info
2011-02-06 15:36:30 [org.hibernate.connection.DriverManagerConnectionProvider]-[INFO] Using Hibernate built-in connection pool (not for production use!)
2011-02-06 15:36:30 [org.hibernate.connection.DriverManagerConnectionProvider]-[INFO] Hibernate connection pool size: 20
2011-02-06 15:36:30 [org.hibernate.connection.DriverManagerConnectionProvider]-[INFO] autocommit mode: false
2011-02-06 15:36:30 [org.hibernate.connection.DriverManagerConnectionProvider]-[INFO] using driver: com.mysql.jdbc.Driver at URL: jdbc:mysql://localhost:3306/online_focus?zeroDateTimeBehavior=convertToNull
2011-02-06 15:36:30 [org.hibernate.connection.DriverManagerConnectionProvider]-[INFO] connection properties: {user=root, password=root}
2011-02-06 15:36:32 [org.hibernate.cfg.SettingsFactory]-[INFO] RDBMS: MySQL, version: 5.0.67-community-nt
2011-02-06 15:36:32 [org.hibernate.cfg.SettingsFactory]-[INFO] JDBC driver: MySQL-AB JDBC Driver, version: mysql-connector-java-5.0.5 ( $Date: 2007-03-01 00:01:06 +0100 (Thu, 01 Mar 2007) $, $Revision: 6329 $ )
2011-02-06 15:36:32 [org.hibernate.dialect.Dialect]-[INFO] Using dialect: org.hibernate.dialect.MySQLDialect
2011-02-06 15:36:32 [org.hibernate.transaction.TransactionFactoryFactory]-[INFO] Using default transaction strategy (direct JDBC transactions)
2011-02-06 15:36:32 [org.hibernate.transaction.TransactionManagerLookupFactory]-[INFO] No TransactionManagerLookup configured (in JTA environment, use of read-write or transactional second-level cache is not recommended)
2011-02-06 15:36:32 [org.hibernate.cfg.SettingsFactory]-[INFO] Automatic flush during beforeCompletion(): disabled
2011-02-06 15:36:32 [org.hibernate.cfg.SettingsFactory]-[INFO] Automatic session close at end of transaction: disabled
2011-02-06 15:36:32 [org.hibernate.cfg.SettingsFactory]-[INFO] JDBC batch size: 15
2011-02-06 15:36:32 [org.hibernate.cfg.SettingsFactory]-[INFO] JDBC batch updates for versioned data: disabled
2011-02-06 15:36:32 [org.hibernate.cfg.SettingsFactory]-[INFO] Scrollable result sets: enabled
2011-02-06 15:36:32 [org.hibernate.cfg.SettingsFactory]-[INFO] JDBC3 getGeneratedKeys(): enabled
2011-02-06 15:36:32 [org.hibernate.cfg.SettingsFactory]-[INFO] Connection release mode: auto
2011-02-06 15:36:32 [org.hibernate.cfg.SettingsFactory]-[INFO] Maximum outer join fetch depth: 2
2011-02-06 15:36:32 [org.hibernate.cfg.SettingsFactory]-[INFO] Default batch fetch size: 1
2011-02-06 15:36:32 [org.hibernate.cfg.SettingsFactory]-[INFO] Generate SQL with comments: disabled
2011-02-06 15:36:32 [org.hibernate.cfg.SettingsFactory]-[INFO] Order SQL updates by primary key: disabled
2011-02-06 15:36:32 [org.hibernate.cfg.SettingsFactory]-[INFO] Order SQL inserts for batching: disabled
2011-02-06 15:36:32 [org.hibernate.cfg.SettingsFactory]-[INFO] Query translator: org.hibernate.hql.ast.ASTQueryTranslatorFactory
2011-02-06 15:36:32 [org.hibernate.hql.ast.ASTQueryTranslatorFactory]-[INFO] Using ASTQueryTranslatorFactory
2011-02-06 15:36:32 [org.hibernate.cfg.SettingsFactory]-[INFO] Query language substitutions: {}
2011-02-06 15:36:32 [org.hibernate.cfg.SettingsFactory]-[INFO] JPA-QL strict compliance: disabled
2011-02-06 15:36:32 [org.hibernate.cfg.SettingsFactory]-[INFO] Second-level cache: enabled
2011-02-06 15:36:32 [org.hibernate.cfg.SettingsFactory]-[INFO] Query cache: disabled
2011-02-06 15:36:32 [org.hibernate.cfg.SettingsFactory]-[INFO] Cache provider: org.hibernate.cache.NoCacheProvider
2011-02-06 15:36:32 [org.hibernate.cfg.SettingsFactory]-[INFO] Optimize cache for minimal puts: disabled
2011-02-06 15:36:32 [org.hibernate.cfg.SettingsFactory]-[INFO] Structured second-level cache entries: disabled
2011-02-06 15:36:32 [org.hibernate.cfg.SettingsFactory]-[INFO] Statistics: disabled
2011-02-06 15:36:32 [org.hibernate.cfg.SettingsFactory]-[INFO] Deleted entity synthetic identifier rollback: disabled
2011-02-06 15:36:32 [org.hibernate.cfg.SettingsFactory]-[INFO] Default entity-mode: pojo
2011-02-06 15:36:32 [org.hibernate.cfg.SettingsFactory]-[INFO] Named query checking : enabled
2011-02-06 15:36:36 [org.hibernate.impl.SessionFactoryImpl]-[INFO] building session factory
2011-02-06 15:36:38 [org.hibernate.impl.SessionFactoryObjectFactory]-[INFO] Not binding factory to JNDI, no JNDI name configured
2011-02-06 15:36:52 [org.hibernate.cfg.Environment]-[INFO] Hibernate 3.2.6
2011-02-06 15:36:52 [org.hibernate.cfg.Environment]-[INFO] hibernate.properties not found
2011-02-06 15:36:52 [org.hibernate.cfg.Environment]-[INFO] Bytecode provider name : cglib
2011-02-06 15:36:52 [org.hibernate.cfg.Environment]-[INFO] using JDK 1.4 java.sql.Timestamp handling
2011-02-06 15:36:52 [org.hibernate.cfg.Configuration]-[INFO] configuring from resource: /hibernate.cfg.xml
2011-02-06 15:36:52 [org.hibernate.cfg.Configuration]-[INFO] Configuration resource: /hibernate.cfg.xml
2011-02-06 15:36:52 [org.hibernate.cfg.Configuration]-[INFO] Reading mappings from resource : com/kingway/model/MonitorWebInfo.hbm.xml
2011-02-06 15:36:52 [org.hibernate.cfg.HbmBinder]-[INFO] Mapping class: com.kingway.model.MonitorWebInfo -> monitor_web_info
2011-02-06 15:36:52 [org.hibernate.cfg.Configuration]-[INFO] Reading mappings from resource : com/kingway/model/ModuleInfo.hbm.xml
2011-02-06 15:36:52 [org.hibernate.cfg.HbmBinder]-[INFO] Mapping class: com.kingway.model.ModuleInfo -> module_info
2011-02-06 15:36:52 [org.hibernate.cfg.Configuration]-[INFO] Reading mappings from resource : com/kingway/model/UserModuleSubgroupInfo.hbm.xml
2011-02-06 15:36:52 [org.hibernate.cfg.HbmBinder]-[INFO] Mapping class: com.kingway.model.UserModuleSubgroupInfo -> user_module_subgroup_info
2011-02-06 15:36:52 [org.hibernate.cfg.Configuration]-[INFO] Reading mappings from resource : com/kingway/model/ContentBuffer.hbm.xml
2011-02-06 15:36:52 [org.hibernate.cfg.HbmBinder]-[INFO] Mapping class: com.kingway.model.ContentBuffer -> content_buffer
2011-02-06 15:36:52 [org.hibernate.cfg.Configuration]-[INFO] Reading mappings from resource : com/kingway/model/MessageNeedToBeSendView.hbm.xml
2011-02-06 15:36:52 [org.hibernate.cfg.HbmBinder]-[INFO] Mapping class: com.kingway.model.MessageNeedToBeSendView -> message_need_to_be_send_view
2011-02-06 15:36:52 [org.hibernate.cfg.Configuration]-[INFO] Reading mappings from resource : com/kingway/model/ModulesLinkView.hbm.xml
2011-02-06 15:36:53 [org.hibernate.cfg.HbmBinder]-[INFO] Mapping class: com.kingway.model.ModulesLinkView -> modules_link_view
2011-02-06 15:36:53 [org.hibernate.cfg.Configuration]-[INFO] Reading mappings from resource : com/kingway/model/ModuleInfoShowView.hbm.xml
2011-02-06 15:36:53 [org.hibernate.cfg.HbmBinder]-[INFO] Mapping class: com.kingway.model.ModuleInfoShowView -> module_info_show_view
2011-02-06 15:36:53 [org.hibernate.cfg.Configuration]-[INFO] Reading mappings from resource : com/kingway/model/ModuleNeedToBeUpdateView.hbm.xml
2011-02-06 15:36:53 [org.hibernate.cfg.HbmBinder]-[INFO] Mapping class: com.kingway.model.ModuleNeedToBeUpdateView -> module_need_to_be_update_view
2011-02-06 15:36:53 [org.hibernate.cfg.Configuration]-[INFO] Reading mappings from resource : com/kingway/model/ContentNeedToBeSendView.hbm.xml
2011-02-06 15:36:53 [org.hibernate.cfg.HbmBinder]-[INFO] Mapping class: com.kingway.model.ContentNeedToBeSendView -> content_need_to_be_send_view
2011-02-06 15:36:53 [org.hibernate.cfg.Configuration]-[INFO] Reading mappings from resource : com/kingway/model/MailNeedToBeSendView.hbm.xml
2011-02-06 15:36:53 [org.hibernate.cfg.HbmBinder]-[INFO] Mapping class: com.kingway.model.MailNeedToBeSendView -> mail_need_to_be_send_view
2011-02-06 15:36:53 [org.hibernate.cfg.Configuration]-[INFO] Reading mappings from resource : com/kingway/model/ReceiverView.hbm.xml
2011-02-06 15:36:53 [org.hibernate.cfg.HbmBinder]-[INFO] Mapping class: com.kingway.model.ReceiverView -> receiver_view
2011-02-06 15:36:53 [org.hibernate.cfg.Configuration]-[INFO] Reading mappings from resource : com/kingway/model/UserModuleInfo.hbm.xml
2011-02-06 15:36:53 [org.hibernate.cfg.HbmBinder]-[INFO] Mapping class: com.kingway.model.UserModuleInfo -> user_module_info
2011-02-06 15:36:53 [org.hibernate.cfg.Configuration]-[INFO] Reading mappings from resource : com/kingway/model/UserInfo.hbm.xml
2011-02-06 15:36:53 [org.hibernate.cfg.HbmBinder]-[INFO] Mapping class: com.kingway.model.UserInfo -> user_info
2011-02-06 15:36:53 [org.hibernate.cfg.Configuration]-[INFO] Reading mappings from resource : com/kingway/model/UserDefaultReceiveInfo.hbm.xml
2011-02-06 15:36:53 [org.hibernate.cfg.HbmBinder]-[INFO] Mapping class: com.kingway.model.UserDefaultReceiveInfo -> user_default_receive_info
2011-02-06 15:36:53 [org.hibernate.cfg.Configuration]-[INFO] Reading mappings from resource : com/kingway/model/UserActivecode.hbm.xml
2011-02-06 15:36:53 [org.hibernate.cfg.HbmBinder]-[INFO] Mapping class: com.kingway.model.UserActivecode -> user_activecode
2011-02-06 15:36:53 [org.hibernate.cfg.Configuration]-[INFO] Reading mappings from resource : com/kingway/model/ContentReceiver.hbm.xml
2011-02-06 15:36:53 [org.hibernate.cfg.HbmBinder]-[INFO] Mapping class: com.kingway.model.ContentReceiver -> content_receiver
2011-02-06 15:36:53 [org.hibernate.cfg.Configuration]-[INFO] Reading mappings from resource : com/kingway/model/UsermoduleView.hbm.xml
2011-02-06 15:36:53 [org.hibernate.cfg.HbmBinder]-[INFO] Mapping class: com.kingway.model.UsermoduleView -> usermodule_view
2011-02-06 15:36:53 [org.hibernate.cfg.Configuration]-[INFO] Reading mappings from resource : com/kingway/model/UserReceiveInfo.hbm.xml
2011-02-06 15:36:53 [org.hibernate.cfg.HbmBinder]-[INFO] Mapping class: com.kingway.model.UserReceiveInfo -> user_receive_info
2011-02-06 15:36:53 [org.hibernate.cfg.Configuration]-[INFO] Reading mappings from resource : com/kingway/model/MonitorByJsView.hbm.xml
2011-02-06 15:36:53 [org.hibernate.cfg.HbmBinder]-[INFO] Mapping class: com.kingway.model.MonitorByJsView -> monitor_by_js_view
2011-02-06 15:36:53 [org.hibernate.cfg.Configuration]-[INFO] Reading mappings from resource : com/kingway/model/UserSpaceInfo.hbm.xml
2011-02-06 15:36:53 [org.hibernate.cfg.HbmBinder]-[INFO] Mapping class: com.kingway.model.UserSpaceInfo -> user_space_info
2011-02-06 15:36:53 [org.hibernate.cfg.Configuration]-[INFO] Reading mappings from resource : com/kingway/model/ManagerInfo.hbm.xml
2011-02-06 15:36:53 [org.hibernate.cfg.HbmBinder]-[INFO] Mapping class: com.kingway.model.ManagerInfo -> manager_info
2011-02-06 15:36:53 [org.hibernate.cfg.Configuration]-[INFO] Reading mappings from resource : com/kingway/model/UserSubscribe.hbm.xml
2011-02-06 15:36:53 [org.hibernate.cfg.HbmBinder]-[INFO] Mapping class: com.kingway.model.UserSubscribe -> user_subscribe
2011-02-06 15:36:53 [org.hibernate.cfg.Configuration]-[INFO] Reading mappings from resource : com/kingway/model/UserModuleContents.hbm.xml
2011-02-06 15:36:53 [org.hibernate.cfg.HbmBinder]-[INFO] Mapping class: com.kingway.model.UserModuleContents -> user_module_contents
2011-02-06 15:36:53 [org.hibernate.cfg.Configuration]-[INFO] Reading mappings from resource : com/kingway/model/CheckUpdateView.hbm.xml
2011-02-06 15:36:53 [org.hibernate.cfg.HbmBinder]-[INFO] Mapping class: com.kingway.model.CheckUpdateView -> check_update_view
2011-02-06 15:36:53 [org.hibernate.cfg.Configuration]-[INFO] Reading mappings from resource : com/kingway/model/UserSpaceModuleInfoShowView.hbm.xml
2011-02-06 15:36:53 [org.hibernate.cfg.HbmBinder]-[INFO] Mapping class: com.kingway.model.UserSpaceModuleInfoShowView -> user_space_module_info_show_view
2011-02-06 15:36:53 [org.hibernate.cfg.Configuration]-[INFO] Reading mappings from resource : com/kingway/model/UserModuleHistoryView.hbm.xml
2011-02-06 15:36:53 [org.hibernate.cfg.HbmBinder]-[INFO] Mapping class: com.kingway.model.UserModuleHistoryView -> user_module_history_view
2011-02-06 15:36:53 [org.hibernate.cfg.Configuration]-[INFO] Reading mappings from resource : com/kingway/model/UserModuleHistoryListView.hbm.xml
2011-02-06 15:36:53 [org.hibernate.cfg.HbmBinder]-[INFO] Mapping class: com.kingway.model.UserModuleHistoryListView -> user_module_history_list_view
2011-02-06 15:36:53 [org.hibernate.cfg.Configuration]-[INFO] Reading mappings from resource : com/kingway/model/UserModuleDisingoreView.hbm.xml
2011-02-06 15:36:53 [org.hibernate.cfg.HbmBinder]-[INFO] Mapping class: com.kingway.model.UserModuleDisingoreView -> user_module_disingore_view
2011-02-06 15:36:53 [org.hibernate.cfg.Configuration]-[INFO] Reading mappings from resource : com/kingway/model/UserFocusWebModuleView.hbm.xml
2011-02-06 15:36:53 [org.hibernate.cfg.HbmBinder]-[INFO] Mapping class: com.kingway.model.UserFocusWebModuleView -> user_focus_web_module_view
2011-02-06 15:36:53 [org.hibernate.cfg.Configuration]-[INFO] Reading mappings from resource : com/kingway/model/UserModuleUpdatepathsView.hbm.xml
2011-02-06 15:36:53 [org.hibernate.cfg.HbmBinder]-[INFO] Mapping class: com.kingway.model.UserModuleUpdatepathsView -> user_module_updatepaths_view
2011-02-06 15:36:53 [org.hibernate.cfg.Configuration]-[INFO] Reading mappings from resource : com/kingway/model/CheckUpdateUserModuleView.hbm.xml
2011-02-06 15:36:53 [org.hibernate.cfg.HbmBinder]-[INFO] Mapping class: com.kingway.model.CheckUpdateUserModuleView -> check_update_user_module_view
2011-02-06 15:36:53 [org.hibernate.cfg.Configuration]-[INFO] Reading mappings from resource : com/kingway/model/FailModuleView.hbm.xml
2011-02-06 15:36:53 [org.hibernate.cfg.HbmBinder]-[INFO] Mapping class: com.kingway.model.FailModuleView -> fail_module_view
2011-02-06 15:36:53 [org.hibernate.cfg.Configuration]-[INFO] Configured SessionFactory: null
2011-02-06 15:36:53 [org.hibernate.cfg.HbmBinder]-[INFO] Mapping collection: com.kingway.model.MonitorWebInfo.moduleInfos -> module_info
2011-02-06 15:36:53 [org.hibernate.cfg.HbmBinder]-[INFO] Mapping collection: com.kingway.model.ModuleInfo.contentBuffers -> content_buffer
2011-02-06 15:36:53 [org.hibernate.cfg.HbmBinder]-[INFO] Mapping collection: com.kingway.model.ModuleInfo.userModuleInfos -> user_module_info
2011-02-06 15:36:53 [org.hibernate.cfg.HbmBinder]-[INFO] Mapping collection: com.kingway.model.UserModuleSubgroupInfo.userModuleInfos -> user_module_info
2011-02-06 15:36:53 [org.hibernate.cfg.HbmBinder]-[INFO] Mapping collection: com.kingway.model.ContentBuffer.contentReceivers -> content_receiver
2011-02-06 15:36:53 [org.hibernate.cfg.HbmBinder]-[INFO] Mapping collection: com.kingway.model.UserModuleInfo.userReceiveInfos -> user_receive_info
2011-02-06 15:36:53 [org.hibernate.cfg.HbmBinder]-[INFO] Mapping collection: com.kingway.model.UserModuleInfo.contentReceivers -> content_receiver
2011-02-06 15:36:53 [org.hibernate.cfg.HbmBinder]-[INFO] Mapping collection: com.kingway.model.UserInfo.userSubscribesForSubscribeUserId -> user_subscribe
2011-02-06 15:36:53 [org.hibernate.cfg.HbmBinder]-[INFO] Mapping collection: com.kingway.model.UserInfo.userDefaultReceiveInfos -> user_default_receive_info
2011-02-06 15:36:53 [org.hibernate.cfg.HbmBinder]-[INFO] Mapping collection: com.kingway.model.UserInfo.userSubscribesForUserId -> user_subscribe
2011-02-06 15:36:53 [org.hibernate.cfg.HbmBinder]-[INFO] Mapping collection: com.kingway.model.UserInfo.userSpaceInfos -> user_space_info
2011-02-06 15:36:53 [org.hibernate.cfg.HbmBinder]-[INFO] Mapping collection: com.kingway.model.UserInfo.userActivecodes -> user_activecode
2011-02-06 15:36:53 [org.hibernate.cfg.HbmBinder]-[INFO] Mapping collection: com.kingway.model.UserInfo.userModuleInfos -> user_module_info
2011-02-06 15:36:53 [org.hibernate.cfg.HbmBinder]-[INFO] Mapping collection: com.kingway.model.UserInfo.userModuleSubgroupInfos -> user_module_subgroup_info
2011-02-06 15:36:53 [org.hibernate.connection.DriverManagerConnectionProvider]-[INFO] Using Hibernate built-in connection pool (not for production use!)
2011-02-06 15:36:53 [org.hibernate.connection.DriverManagerConnectionProvider]-[INFO] Hibernate connection pool size: 20
2011-02-06 15:36:53 [org.hibernate.connection.DriverManagerConnectionProvider]-[INFO] autocommit mode: false
2011-02-06 15:36:53 [org.hibernate.connection.DriverManagerConnectionProvider]-[INFO] using driver: com.mysql.jdbc.Driver at URL: jdbc:mysql://localhost:3306/online_focus?zeroDateTimeBehavior=convertToNull
2011-02-06 15:36:53 [org.hibernate.connection.DriverManagerConnectionProvider]-[INFO] connection properties: {user=root, password=root}
2011-02-06 15:36:53 [org.hibernate.cfg.SettingsFactory]-[INFO] RDBMS: MySQL, version: 5.0.67-community-nt
2011-02-06 15:36:53 [org.hibernate.cfg.SettingsFactory]-[INFO] JDBC driver: MySQL-AB JDBC Driver, version: mysql-connector-java-5.0.5 ( $Date: 2007-03-01 00:01:06 +0100 (Thu, 01 Mar 2007) $, $Revision: 6329 $ )
2011-02-06 15:36:53 [org.hibernate.dialect.Dialect]-[INFO] Using dialect: org.hibernate.dialect.MySQLDialect
2011-02-06 15:36:53 [org.hibernate.transaction.TransactionFactoryFactory]-[INFO] Using default transaction strategy (direct JDBC transactions)
2011-02-06 15:36:53 [org.hibernate.transaction.TransactionManagerLookupFactory]-[INFO] No TransactionManagerLookup configured (in JTA environment, use of read-write or transactional second-level cache is not recommended)
2011-02-06 15:36:53 [org.hibernate.cfg.SettingsFactory]-[INFO] Automatic flush during beforeCompletion(): disabled
2011-02-06 15:36:53 [org.hibernate.cfg.SettingsFactory]-[INFO] Automatic session close at end of transaction: disabled
2011-02-06 15:36:53 [org.hibernate.cfg.SettingsFactory]-[INFO] JDBC batch size: 15
2011-02-06 15:36:53 [org.hibernate.cfg.SettingsFactory]-[INFO] JDBC batch updates for versioned data: disabled
2011-02-06 15:36:53 [org.hibernate.cfg.SettingsFactory]-[INFO] Scrollable result sets: enabled
2011-02-06 15:36:53 [org.hibernate.cfg.SettingsFactory]-[INFO] JDBC3 getGeneratedKeys(): enabled
2011-02-06 15:36:53 [org.hibernate.cfg.SettingsFactory]-[INFO] Connection release mode: auto
2011-02-06 15:36:53 [org.hibernate.cfg.SettingsFactory]-[INFO] Maximum outer join fetch depth: 2
2011-02-06 15:36:53 [org.hibernate.cfg.SettingsFactory]-[INFO] Default batch fetch size: 1
2011-02-06 15:36:53 [org.hibernate.cfg.SettingsFactory]-[INFO] Generate SQL with comments: disabled
2011-02-06 15:36:53 [org.hibernate.cfg.SettingsFactory]-[INFO] Order SQL updates by primary key: disabled
2011-02-06 15:36:53 [org.hibernate.cfg.SettingsFactory]-[INFO] Order SQL inserts for batching: disabled
2011-02-06 15:36:53 [org.hibernate.cfg.SettingsFactory]-[INFO] Query translator: org.hibernate.hql.ast.ASTQueryTranslatorFactory
2011-02-06 15:36:53 [org.hibernate.hql.ast.ASTQueryTranslatorFactory]-[INFO] Using ASTQueryTranslatorFactory
2011-02-06 15:36:53 [org.hibernate.cfg.SettingsFactory]-[INFO] Query language substitutions: {}
2011-02-06 15:36:53 [org.hibernate.cfg.SettingsFactory]-[INFO] JPA-QL strict compliance: disabled
2011-02-06 15:36:53 [org.hibernate.cfg.SettingsFactory]-[INFO] Second-level cache: enabled
2011-02-06 15:36:53 [org.hibernate.cfg.SettingsFactory]-[INFO] Query cache: disabled
2011-02-06 15:36:53 [org.hibernate.cfg.SettingsFactory]-[INFO] Cache provider: org.hibernate.cache.NoCacheProvider
2011-02-06 15:36:53 [org.hibernate.cfg.SettingsFactory]-[INFO] Optimize cache for minimal puts: disabled
2011-02-06 15:36:53 [org.hibernate.cfg.SettingsFactory]-[INFO] Structured second-level cache entries: disabled
2011-02-06 15:36:53 [org.hibernate.cfg.SettingsFactory]-[INFO] Statistics: disabled
2011-02-06 15:36:53 [org.hibernate.cfg.SettingsFactory]-[INFO] Deleted entity synthetic identifier rollback: disabled
2011-02-06 15:36:53 [org.hibernate.cfg.SettingsFactory]-[INFO] Default entity-mode: pojo
2011-02-06 15:36:53 [org.hibernate.cfg.SettingsFactory]-[INFO] Named query checking : enabled
2011-02-06 15:36:57 [org.hibernate.impl.SessionFactoryImpl]-[INFO] building session factory
2011-02-06 15:36:57 [org.hibernate.impl.SessionFactoryObjectFactory]-[INFO] Not binding factory to JNDI, no JNDI name configured
